<?xml version="1.0" encoding="UTF-8"?>
<!-- Generated by org.testng.reporters.JUnitReportReporter -->
<testsuite skipped="11" hostname="WD20180403-01" name="LittleCat_TestNG.SRM_TestNG" tests="12" failures="0" timestamp="30 Oct 2018 17:35:27 GMT" time="5.579" errors="1">
  <testcase name="test_before" time="5.579" classname="LittleCat_TestNG.SRM_TestNG">
    <error type="org.openqa.selenium.WebDriverException" message="Reached error page: about:neterror?e=connectionFailure&amp;u=http%3A//localhost%3A8081/ToolboxRemote.html&amp;c=UTF-8&amp;f=regular&amp;d=Firefox%20can%E2%80%99t%20establish%20a%20connection%20to%20the%20server%20at%20localhost%3A8081.
Build info: version: &#039;3.13.0&#039;, revision: &#039;2f0d292&#039;, time: &#039;2018-06-25T15:32:14.902Z&#039;
System info: host: &#039;WD20180403-01&#039;, ip: &#039;172.16.0.72&#039;, os.name: &#039;Windows 10&#039;, os.arch: &#039;amd64&#039;, os.version: &#039;10.0&#039;, java.version: &#039;1.8.0_161&#039;
Driver info: org.openqa.selenium.remote.RemoteWebDriver
Capabilities {acceptInsecureCerts: true, browserName: firefox, browserVersion: 63.0, capabilities: {desiredCapabilities: {acceptInsecureCerts: true, browserName: firefox}}, javascriptEnabled: true, moz:accessibilityChecks: false, moz:headless: false, moz:processID: 2168, moz:profile: C:\Users\roy.lo\AppData\Loc..., moz:useNonSpecCompliantPointerOrigin: false, moz:webdriverClick: true, pageLoadStrategy: normal, platform: WINDOWS, platformName: WINDOWS, platformVersion: 10.0, rotatable: false, setWindowRect: true, timeouts: {implicit: 0, pageLoad: 300000, script: 30000}, unhandledPromptBehavior: dismiss and notify, webdriver.remote.sessionid: a9380021-1667-4c62-a097-0bc...}
Session ID: a9380021-1667-4c62-a097-0bc4936972d1">
      <![CDATA[org.openqa.selenium.WebDriverException: Reached error page: about:neterror?e=connectionFailure&u=http%3A//localhost%3A8081/ToolboxRemote.html&c=UTF-8&f=regular&d=Firefox%20can%E2%80%99t%20establish%20a%20connection%20to%20the%20server%20at%20localhost%3A8081.
Build info: version: '3.13.0', revision: '2f0d292', time: '2018-06-25T15:32:14.902Z'
System info: host: 'WD20180403-01', ip: '172.16.0.72', os.name: 'Windows 10', os.arch: 'amd64', os.version: '10.0', java.version: '1.8.0_161'
Driver info: org.openqa.selenium.remote.RemoteWebDriver
Capabilities {acceptInsecureCerts: true, browserName: firefox, browserVersion: 63.0, capabilities: {desiredCapabilities: {acceptInsecureCerts: true, browserName: firefox}}, javascriptEnabled: true, moz:accessibilityChecks: false, moz:headless: false, moz:processID: 2168, moz:profile: C:\Users\roy.lo\AppData\Loc..., moz:useNonSpecCompliantPointerOrigin: false, moz:webdriverClick: true, pageLoadStrategy: normal, platform: WINDOWS, platformName: WINDOWS, platformVersion: 10.0, rotatable: false, setWindowRect: true, timeouts: {implicit: 0, pageLoad: 300000, script: 30000}, unhandledPromptBehavior: dismiss and notify, webdriver.remote.sessionid: a9380021-1667-4c62-a097-0bc...}
Session ID: a9380021-1667-4c62-a097-0bc4936972d1
at sun.reflect.NativeConstructorAccessorImpl.newInstance0(Native Method)
at sun.reflect.NativeConstructorAccessorImpl.newInstance(Unknown Source)
at sun.reflect.DelegatingConstructorAccessorImpl.newInstance(Unknown Source)
at java.lang.reflect.Constructor.newInstance(Unknown Source)
at org.openqa.selenium.remote.http.W3CHttpResponseCodec.createException(W3CHttpResponseCodec.java:187)
at org.openqa.selenium.remote.http.W3CHttpResponseCodec.decode(W3CHttpResponseCodec.java:122)
at org.openqa.selenium.remote.http.W3CHttpResponseCodec.decode(W3CHttpResponseCodec.java:49)
at org.openqa.selenium.remote.HttpCommandExecutor.execute(HttpCommandExecutor.java:158)
at org.openqa.selenium.remote.RemoteWebDriver.execute(RemoteWebDriver.java:548)
at org.openqa.selenium.remote.RemoteWebDriver.get(RemoteWebDriver.java:276)
at LittleCat_TestNG.SRM_TestNG.test_before(SRM_TestNG.java:158)
at sun.reflect.NativeMethodAccessorImpl.invoke0(Native Method)
at sun.reflect.NativeMethodAccessorImpl.invoke(Unknown Source)
at sun.reflect.DelegatingMethodAccessorImpl.invoke(Unknown Source)
at java.lang.reflect.Method.invoke(Unknown Source)
at org.testng.internal.MethodInvocationHelper.invokeMethod(MethodInvocationHelper.java:124)
at org.testng.internal.MethodInvocationHelper.invokeMethodConsideringTimeout(MethodInvocationHelper.java:59)
at org.testng.internal.Invoker.invokeConfigurationMethod(Invoker.java:455)
at org.testng.internal.Invoker.invokeConfigurations(Invoker.java:222)
at org.testng.internal.Invoker.invokeMethod(Invoker.java:520)
at org.testng.internal.Invoker.invokeTestMethod(Invoker.java:716)
at org.testng.internal.Invoker.invokeTestMethods(Invoker.java:988)
at org.testng.internal.TestMethodWorker.invokeTestMethods(TestMethodWorker.java:125)
at org.testng.internal.TestMethodWorker.run(TestMethodWorker.java:109)
at org.testng.TestRunner.privateRun(TestRunner.java:648)
at org.testng.TestRunner.run(TestRunner.java:505)
at org.testng.SuiteRunner.runTest(SuiteRunner.java:455)
at org.testng.SuiteRunner.runSequentially(SuiteRunner.java:450)
at org.testng.SuiteRunner.privateRun(SuiteRunner.java:415)
at org.testng.SuiteRunner.run(SuiteRunner.java:364)
at org.testng.SuiteRunnerWorker.runSuite(SuiteRunnerWorker.java:52)
at org.testng.SuiteRunnerWorker.run(SuiteRunnerWorker.java:84)
at org.testng.TestNG.runSuitesSequentially(TestNG.java:1208)
at org.testng.TestNG.runSuitesLocally(TestNG.java:1137)
at org.testng.TestNG.runSuites(TestNG.java:1049)
at org.testng.TestNG.run(TestNG.java:1017)
at org.testng.remote.AbstractRemoteTestNG.run(AbstractRemoteTestNG.java:114)
at org.testng.remote.RemoteTestNG.initAndRun(RemoteTestNG.java:251)
at org.testng.remote.RemoteTestNG.main(RemoteTestNG.java:77)
]]>
    </error>
  </testcase> <!-- test_before -->
  <testcase name="Searching_Test" time="0.000" classname="LittleCat_TestNG.SRM_TestNG">
    <skipped/>
  </testcase> <!-- Searching_Test -->
  <testcase name="Select_SRM_Test" classname="LittleCat_TestNG.SRM_TestNG">
    <skipped/>
  </testcase> <!-- Select_SRM_Test -->
  <testcase name="Select_Result_Type_Test" classname="LittleCat_TestNG.SRM_TestNG">
    <skipped/>
  </testcase> <!-- Select_Result_Type_Test -->
  <testcase name="Error_Test" classname="LittleCat_TestNG.SRM_TestNG">
    <skipped/>
  </testcase> <!-- Error_Test -->
  <testcase name="doLogin" classname="LittleCat_TestNG.SRM_TestNG">
    <skipped/>
  </testcase> <!-- doLogin -->
  <testcase name="Select_Airplane_Test" classname="LittleCat_TestNG.SRM_TestNG">
    <skipped/>
  </testcase> <!-- Select_Airplane_Test -->
  <testcase name="LC_test" classname="LittleCat_TestNG.SRM_TestNG">
    <skipped/>
  </testcase> <!-- LC_test -->
  <testcase name="Select_Airline_Doc_Test" classname="LittleCat_TestNG.SRM_TestNG">
    <skipped/>
  </testcase> <!-- Select_Airline_Doc_Test -->
  <testcase name="Agreement_click_Test" classname="LittleCat_TestNG.SRM_TestNG">
    <skipped/>
  </testcase> <!-- Agreement_click_Test -->
  <testcase name="Select_Airplane" classname="LittleCat_TestNG.SRM_TestNG">
    <skipped/>
  </testcase> <!-- Select_Airplane -->
  <testcase name="Select_SWPM_Test" classname="LittleCat_TestNG.SRM_TestNG">
    <skipped/>
  </testcase> <!-- Select_SWPM_Test -->
</testsuite> <!-- LittleCat_TestNG.SRM_TestNG -->
