<?xml version="1.0" encoding="UTF-8"?>
<!-- Generated by org.testng.reporters.JUnitReportReporter -->
<testsuite skipped="9" hostname="WD20180403-01" name="LittleCat_TestNG.SRM_TestNG_BK_ABS02_AddScreenShot" tests="11" failures="0" timestamp="30 Oct 2018 16:44:05 GMT" time="17.426" errors="2">
  <testcase name="Searching_Test" time="8.861" classname="LittleCat_TestNG.SRM_TestNG_BK_ABS02_AddScreenShot">
    <error type="org.openqa.selenium.ElementNotInteractableException" message="Element &lt;input id=&quot;tb_searchInputText&quot; class=&quot;form-control FTSsearchPlaceholder ng-pristine ng-untouched ng-valid&quot; name=&quot;globalSearchText&quot; type=&quot;text&quot;&gt; could not be scrolled into view
Build info: version: &#039;3.13.0&#039;, revision: &#039;2f0d292&#039;, time: &#039;2018-06-25T15:32:14.902Z&#039;
System info: host: &#039;WD20180403-01&#039;, ip: &#039;172.16.0.72&#039;, os.name: &#039;Windows 10&#039;, os.arch: &#039;amd64&#039;, os.version: &#039;10.0&#039;, java.version: &#039;1.8.0_161&#039;
Driver info: org.openqa.selenium.firefox.FirefoxDriver
Capabilities {acceptInsecureCerts: true, browserName: firefox, browserVersion: 63.0, capabilities: {desiredCapabilities: {acceptInsecureCerts: true, browserName: firefox}}, javascriptEnabled: true, moz:accessibilityChecks: false, moz:headless: false, moz:processID: 153188, moz:profile: C:\Users\roy.lo\AppData\Loc..., moz:useNonSpecCompliantPointerOrigin: false, moz:webdriverClick: true, pageLoadStrategy: normal, platform: WINDOWS, platformName: WINDOWS, platformVersion: 10.0, rotatable: false, setWindowRect: true, timeouts: {implicit: 0, pageLoad: 300000, script: 30000}, unhandledPromptBehavior: dismiss and notify}
Session ID: 65544953-5c58-47e7-a460-19ae6bd91304">
      <![CDATA[org.openqa.selenium.ElementNotInteractableException: Element <input id="tb_searchInputText" class="form-control FTSsearchPlaceholder ng-pristine ng-untouched ng-valid" name="globalSearchText" type="text"> could not be scrolled into view
Build info: version: '3.13.0', revision: '2f0d292', time: '2018-06-25T15:32:14.902Z'
System info: host: 'WD20180403-01', ip: '172.16.0.72', os.name: 'Windows 10', os.arch: 'amd64', os.version: '10.0', java.version: '1.8.0_161'
Driver info: org.openqa.selenium.firefox.FirefoxDriver
Capabilities {acceptInsecureCerts: true, browserName: firefox, browserVersion: 63.0, capabilities: {desiredCapabilities: {acceptInsecureCerts: true, browserName: firefox}}, javascriptEnabled: true, moz:accessibilityChecks: false, moz:headless: false, moz:processID: 153188, moz:profile: C:\Users\roy.lo\AppData\Loc..., moz:useNonSpecCompliantPointerOrigin: false, moz:webdriverClick: true, pageLoadStrategy: normal, platform: WINDOWS, platformName: WINDOWS, platformVersion: 10.0, rotatable: false, setWindowRect: true, timeouts: {implicit: 0, pageLoad: 300000, script: 30000}, unhandledPromptBehavior: dismiss and notify}
Session ID: 65544953-5c58-47e7-a460-19ae6bd91304
at sun.reflect.NativeConstructorAccessorImpl.newInstance0(Native Method)
at sun.reflect.NativeConstructorAccessorImpl.newInstance(Unknown Source)
at sun.reflect.DelegatingConstructorAccessorImpl.newInstance(Unknown Source)
at java.lang.reflect.Constructor.newInstance(Unknown Source)
at org.openqa.selenium.remote.http.W3CHttpResponseCodec.createException(W3CHttpResponseCodec.java:187)
at org.openqa.selenium.remote.http.W3CHttpResponseCodec.decode(W3CHttpResponseCodec.java:122)
at org.openqa.selenium.remote.http.W3CHttpResponseCodec.decode(W3CHttpResponseCodec.java:49)
at org.openqa.selenium.remote.HttpCommandExecutor.execute(HttpCommandExecutor.java:158)
at org.openqa.selenium.remote.service.DriverCommandExecutor.execute(DriverCommandExecutor.java:83)
at org.openqa.selenium.remote.RemoteWebDriver.execute(RemoteWebDriver.java:548)
at org.openqa.selenium.remote.RemoteWebElement.execute(RemoteWebElement.java:276)
at org.openqa.selenium.remote.RemoteWebElement.click(RemoteWebElement.java:83)
at LittleCat_TestNG.SRM_TestNG_BK_ABS02_AddScreenShot.Searching_Method(SRM_TestNG_BK_ABS02_AddScreenShot.java:407)
at LittleCat_TestNG.SRM_TestNG_BK_ABS02_AddScreenShot.Searching_Test(SRM_TestNG_BK_ABS02_AddScreenShot.java:265)
at sun.reflect.NativeMethodAccessorImpl.invoke0(Native Method)
at sun.reflect.NativeMethodAccessorImpl.invoke(Unknown Source)
at sun.reflect.DelegatingMethodAccessorImpl.invoke(Unknown Source)
at java.lang.reflect.Method.invoke(Unknown Source)
at org.testng.internal.MethodInvocationHelper.invokeMethod(MethodInvocationHelper.java:124)
at org.testng.internal.Invoker.invokeMethod(Invoker.java:580)
at org.testng.internal.Invoker.invokeTestMethod(Invoker.java:716)
at org.testng.internal.Invoker.invokeTestMethods(Invoker.java:988)
at org.testng.internal.TestMethodWorker.invokeTestMethods(TestMethodWorker.java:125)
at org.testng.internal.TestMethodWorker.run(TestMethodWorker.java:109)
at org.testng.TestRunner.privateRun(TestRunner.java:648)
at org.testng.TestRunner.run(TestRunner.java:505)
at org.testng.SuiteRunner.runTest(SuiteRunner.java:455)
at org.testng.SuiteRunner.runSequentially(SuiteRunner.java:450)
at org.testng.SuiteRunner.privateRun(SuiteRunner.java:415)
at org.testng.SuiteRunner.run(SuiteRunner.java:364)
at org.testng.SuiteRunnerWorker.runSuite(SuiteRunnerWorker.java:52)
at org.testng.SuiteRunnerWorker.run(SuiteRunnerWorker.java:84)
at org.testng.TestNG.runSuitesSequentially(TestNG.java:1208)
at org.testng.TestNG.runSuitesLocally(TestNG.java:1137)
at org.testng.TestNG.runSuites(TestNG.java:1049)
at org.testng.TestNG.run(TestNG.java:1017)
at org.testng.remote.AbstractRemoteTestNG.run(AbstractRemoteTestNG.java:114)
at org.testng.remote.RemoteTestNG.initAndRun(RemoteTestNG.java:251)
at org.testng.remote.RemoteTestNG.main(RemoteTestNG.java:77)
]]>
    </error>
  </testcase> <!-- Searching_Test -->
  <testcase name="Select_Result_Type_Test" time="8.565" classname="LittleCat_TestNG.SRM_TestNG_BK_ABS02_AddScreenShot">
    <error type="org.openqa.selenium.ElementNotInteractableException" message="Element &lt;input id=&quot;tb_searchInputText&quot; class=&quot;form-control FTSsearchPlaceholder ng-pristine ng-untouched ng-valid&quot; name=&quot;globalSearchText&quot; type=&quot;text&quot;&gt; could not be scrolled into view
Build info: version: &#039;3.13.0&#039;, revision: &#039;2f0d292&#039;, time: &#039;2018-06-25T15:32:14.902Z&#039;
System info: host: &#039;WD20180403-01&#039;, ip: &#039;172.16.0.72&#039;, os.name: &#039;Windows 10&#039;, os.arch: &#039;amd64&#039;, os.version: &#039;10.0&#039;, java.version: &#039;1.8.0_161&#039;
Driver info: org.openqa.selenium.firefox.FirefoxDriver
Capabilities {acceptInsecureCerts: true, browserName: firefox, browserVersion: 63.0, capabilities: {desiredCapabilities: {acceptInsecureCerts: true, browserName: firefox}}, javascriptEnabled: true, moz:accessibilityChecks: false, moz:headless: false, moz:processID: 153788, moz:profile: C:\Users\roy.lo\AppData\Loc..., moz:useNonSpecCompliantPointerOrigin: false, moz:webdriverClick: true, pageLoadStrategy: normal, platform: WINDOWS, platformName: WINDOWS, platformVersion: 10.0, rotatable: false, setWindowRect: true, timeouts: {implicit: 0, pageLoad: 300000, script: 30000}, unhandledPromptBehavior: dismiss and notify}
Session ID: f9451a7b-0af6-412c-9215-0738ca2296ca">
      <![CDATA[org.openqa.selenium.ElementNotInteractableException: Element <input id="tb_searchInputText" class="form-control FTSsearchPlaceholder ng-pristine ng-untouched ng-valid" name="globalSearchText" type="text"> could not be scrolled into view
Build info: version: '3.13.0', revision: '2f0d292', time: '2018-06-25T15:32:14.902Z'
System info: host: 'WD20180403-01', ip: '172.16.0.72', os.name: 'Windows 10', os.arch: 'amd64', os.version: '10.0', java.version: '1.8.0_161'
Driver info: org.openqa.selenium.firefox.FirefoxDriver
Capabilities {acceptInsecureCerts: true, browserName: firefox, browserVersion: 63.0, capabilities: {desiredCapabilities: {acceptInsecureCerts: true, browserName: firefox}}, javascriptEnabled: true, moz:accessibilityChecks: false, moz:headless: false, moz:processID: 153788, moz:profile: C:\Users\roy.lo\AppData\Loc..., moz:useNonSpecCompliantPointerOrigin: false, moz:webdriverClick: true, pageLoadStrategy: normal, platform: WINDOWS, platformName: WINDOWS, platformVersion: 10.0, rotatable: false, setWindowRect: true, timeouts: {implicit: 0, pageLoad: 300000, script: 30000}, unhandledPromptBehavior: dismiss and notify}
Session ID: f9451a7b-0af6-412c-9215-0738ca2296ca
at sun.reflect.NativeConstructorAccessorImpl.newInstance0(Native Method)
at sun.reflect.NativeConstructorAccessorImpl.newInstance(Unknown Source)
at sun.reflect.DelegatingConstructorAccessorImpl.newInstance(Unknown Source)
at java.lang.reflect.Constructor.newInstance(Unknown Source)
at org.openqa.selenium.remote.http.W3CHttpResponseCodec.createException(W3CHttpResponseCodec.java:187)
at org.openqa.selenium.remote.http.W3CHttpResponseCodec.decode(W3CHttpResponseCodec.java:122)
at org.openqa.selenium.remote.http.W3CHttpResponseCodec.decode(W3CHttpResponseCodec.java:49)
at org.openqa.selenium.remote.HttpCommandExecutor.execute(HttpCommandExecutor.java:158)
at org.openqa.selenium.remote.service.DriverCommandExecutor.execute(DriverCommandExecutor.java:83)
at org.openqa.selenium.remote.RemoteWebDriver.execute(RemoteWebDriver.java:548)
at org.openqa.selenium.remote.RemoteWebElement.execute(RemoteWebElement.java:276)
at org.openqa.selenium.remote.RemoteWebElement.click(RemoteWebElement.java:83)
at LittleCat_TestNG.SRM_TestNG_BK_ABS02_AddScreenShot.Searching_Method(SRM_TestNG_BK_ABS02_AddScreenShot.java:407)
at LittleCat_TestNG.SRM_TestNG_BK_ABS02_AddScreenShot.Select_Result_Type_Test(SRM_TestNG_BK_ABS02_AddScreenShot.java:303)
at sun.reflect.NativeMethodAccessorImpl.invoke0(Native Method)
at sun.reflect.NativeMethodAccessorImpl.invoke(Unknown Source)
at sun.reflect.DelegatingMethodAccessorImpl.invoke(Unknown Source)
at java.lang.reflect.Method.invoke(Unknown Source)
at org.testng.internal.MethodInvocationHelper.invokeMethod(MethodInvocationHelper.java:124)
at org.testng.internal.Invoker.invokeMethod(Invoker.java:580)
at org.testng.internal.Invoker.invokeTestMethod(Invoker.java:716)
at org.testng.internal.Invoker.invokeTestMethods(Invoker.java:988)
at org.testng.internal.TestMethodWorker.invokeTestMethods(TestMethodWorker.java:125)
at org.testng.internal.TestMethodWorker.run(TestMethodWorker.java:109)
at org.testng.TestRunner.privateRun(TestRunner.java:648)
at org.testng.TestRunner.run(TestRunner.java:505)
at org.testng.SuiteRunner.runTest(SuiteRunner.java:455)
at org.testng.SuiteRunner.runSequentially(SuiteRunner.java:450)
at org.testng.SuiteRunner.privateRun(SuiteRunner.java:415)
at org.testng.SuiteRunner.run(SuiteRunner.java:364)
at org.testng.SuiteRunnerWorker.runSuite(SuiteRunnerWorker.java:52)
at org.testng.SuiteRunnerWorker.run(SuiteRunnerWorker.java:84)
at org.testng.TestNG.runSuitesSequentially(TestNG.java:1208)
at org.testng.TestNG.runSuitesLocally(TestNG.java:1137)
at org.testng.TestNG.runSuites(TestNG.java:1049)
at org.testng.TestNG.run(TestNG.java:1017)
at org.testng.remote.AbstractRemoteTestNG.run(AbstractRemoteTestNG.java:114)
at org.testng.remote.RemoteTestNG.initAndRun(RemoteTestNG.java:251)
at org.testng.remote.RemoteTestNG.main(RemoteTestNG.java:77)
]]>
    </error>
  </testcase> <!-- Select_Result_Type_Test -->
  <testcase name="Agreement_click_Test" classname="LittleCat_TestNG.SRM_TestNG_BK_ABS02_AddScreenShot">
    <skipped/>
  </testcase> <!-- Agreement_click_Test -->
  <testcase name="Select_SWPM_Test" classname="LittleCat_TestNG.SRM_TestNG_BK_ABS02_AddScreenShot">
    <skipped/>
  </testcase> <!-- Select_SWPM_Test -->
  <testcase name="LC_test" classname="LittleCat_TestNG.SRM_TestNG_BK_ABS02_AddScreenShot">
    <skipped/>
  </testcase> <!-- LC_test -->
  <testcase name="Select_Airplane" classname="LittleCat_TestNG.SRM_TestNG_BK_ABS02_AddScreenShot">
    <skipped/>
  </testcase> <!-- Select_Airplane -->
  <testcase name="Select_Airline_Doc_Test" classname="LittleCat_TestNG.SRM_TestNG_BK_ABS02_AddScreenShot">
    <skipped/>
  </testcase> <!-- Select_Airline_Doc_Test -->
  <testcase name="doLogin" classname="LittleCat_TestNG.SRM_TestNG_BK_ABS02_AddScreenShot">
    <skipped/>
  </testcase> <!-- doLogin -->
  <testcase name="Select_SRM_Test" classname="LittleCat_TestNG.SRM_TestNG_BK_ABS02_AddScreenShot">
    <skipped/>
  </testcase> <!-- Select_SRM_Test -->
  <testcase name="Select_Airplane_Test" classname="LittleCat_TestNG.SRM_TestNG_BK_ABS02_AddScreenShot">
    <skipped/>
  </testcase> <!-- Select_Airplane_Test -->
  <testcase name="Error_Test" classname="LittleCat_TestNG.SRM_TestNG_BK_ABS02_AddScreenShot">
    <skipped/>
  </testcase> <!-- Error_Test -->
</testsuite> <!-- LittleCat_TestNG.SRM_TestNG_BK_ABS02_AddScreenShot -->
